Arguments: 
  /home/sublimnl/.nvm/versions/node/v15.1.0/bin/node /home/sublimnl/.yarn/bin/yarn.js add @types/polygon-tools -D

PATH: 
  /home/sublimnl/.yarn/bin:/home/sublimnl/.config/yarn/global/node_modules/.bin:/home/sublimnl/.nvm/versions/node/v15.1.0/bin:/home/sublimnl/.pyenv/plugins/pyenv-virtualenv/shims:/home/sublimnl/.pyenv/shims:/home/sublimnl/.pyenv/bin:/home/sublimnl/bin:/usr/local/sbin:/usr/local/bin:/usr/sbin:/usr/bin:/sbin:/bin:/usr/games:/usr/local/games:/mnt/c/Program Files (x86)/Common Files/Oracle/Java/javapath:/mnt/c/Program Files/Eclipse Adoptium/jdk-11.0.13.8-hotspot/bin:/mnt/c/Program Files (x86)/Eclipse Adoptium/jdk-11.0.13.8-hotspot/bin:/mnt/c/Windows/system32:/mnt/c/Windows:/mnt/c/Windows/System32/Wbem:/mnt/c/Windows/System32/WindowsPowerShell/v1.0/:/mnt/c/Windows/System32/OpenSSH/:/mnt/c/Program Files/dotnet/:/mnt/c/Program Files/Git/cmd:/mnt/c/Users/sublimnl/AppData/Roaming/nvm:/mnt/c/Program Files/nodejs:/mnt/c/Program Files (x86)/NVIDIA Corporation/PhysX/Common:/mnt/c/Program Files/NVIDIA Corporation/NVIDIA NvDLISR:/mnt/c/ProgramData/chocolatey/bin:/mnt/d/TDM-GCC-64/bin:/mnt/c/Program Files/LLVM/bin:/mnt/c/Program Files/Go/bin:/mnt/c/Users/sublimnl/AppData/Local/Microsoft/WindowsApps:/mnt/c/Users/sublimnl/AppData/Local/Programs/Hyper/resources/bin:/mnt/c/Users/sublimnl/AppData/Local/Programs/Microsoft VS Code/bin:/mnt/c/Users/sublimnl/AppData/Roaming/nvm:/mnt/c/Program Files/nodejs:/mnt/d/TDM-GCC-64/bin:/mnt/c/Users/sublimnl/go/bin:/usr/local/go/bin:/home/sublimnl/.pulumi/bin:/home/sublimnl/bin

Yarn version: 
  1.22.19

Node version: 
  15.1.0

Platform: 
  linux x64

Trace: 
  Error: https://registry.npmjs.org/@types%2fpolygon-tools: Not found
      at Request.params.callback [as _callback] (/home/sublimnl/.yarn/lib/cli.js:66145:18)
      at Request.self.callback (/home/sublimnl/.yarn/lib/cli.js:140890:22)
      at Request.emit (node:events:327:20)
      at Request.<anonymous> (/home/sublimnl/.yarn/lib/cli.js:141862:10)
      at Request.emit (node:events:327:20)
      at IncomingMessage.<anonymous> (/home/sublimnl/.yarn/lib/cli.js:141784:12)
      at Object.onceWrapper (node:events:433:28)
      at IncomingMessage.emit (node:events:339:22)
      at endReadableNT (node:internal/streams/readable:1289:12)
      at processTicksAndRejections (node:internal/process/task_queues:80:21)

npm manifest: 
  {
  	"name": "tboi-canvas",
  	"version": "1.0.0",
  	"main": "main.ts",
  	"license": "AGPL-3.0-or-later",
  	"devDependencies": {
  		"@types/node": "^18.7.23",
  		"@types/sat": "^0.0.31",
  		"@types/uuid": "^8.3.4",
  		"esbuild": "^0.15.9",
  		"typescript": "^4.8.3"
  	},
  	"dependencies": {
  		"@maulingmonkey/gamepad": "^0.0.5",
  		"collider2d": "^1.1.1",
  		"polygon-tools": "^0.4.8",
  		"sat": "^0.9.0",
  		"uuid": "^9.0.0"
  	},
  	"scripts": {
  		"build": "./esbuild.js",
  		"build-prod": "node increase-version.js && ./esbuild-prod.js && cd public && rsync -avP --update  . root@45.33.65.178:/var/www/sublim.nl/httpdocs/demo",
  		"watch": "./esbuild.js --watch"
  	}
  }

yarn manifest: 
  No manifest

Lockfile: 
  # THIS IS AN AUTOGENERATED FILE. DO NOT EDIT THIS FILE DIRECTLY.
  # yarn lockfile v1
  
  
  "@esbuild/android-arm@0.15.9":
    version "0.15.9"
    resolved "https://registry.yarnpkg.com/@esbuild/android-arm/-/android-arm-0.15.9.tgz#7e1221604ab88ed5021ead74fa8cca4405e1e431"
    integrity sha512-VZPy/ETF3fBG5PiinIkA0W/tlsvlEgJccyN2DzWZEl0DlVKRbu91PvY2D6Lxgluj4w9QtYHjOWjAT44C+oQ+EQ==
  
  "@esbuild/linux-loong64@0.15.9":
    version "0.15.9"
    resolved "https://registry.yarnpkg.com/@esbuild/linux-loong64/-/linux-loong64-0.15.9.tgz#b658a97babf1f40783354af7039b84c3fdfc3fc3"
    integrity sha512-O+NfmkfRrb3uSsTa4jE3WApidSe3N5++fyOVGP1SmMZi4A3BZELkhUUvj5hwmMuNdlpzAZ8iAPz2vmcR7DCFQA==
  
  "@maulingmonkey/gamepad@^0.0.5":
    version "0.0.5"
    resolved "https://registry.yarnpkg.com/@maulingmonkey/gamepad/-/gamepad-0.0.5.tgz#50220895cc310f66f0678e07fa1e17959332ac20"
    integrity sha512-dokZlauyTVAW2UEFC8T/L+1Oc7oK+vgakjfa4JZQPxkSoCTf7e3l0zV3E/Gys3Ps43Mmc8mnX+7d1ICTyD5pcg==
  
  "@types/node@^18.7.23":
    version "18.7.23"
    resolved "https://registry.yarnpkg.com/@types/node/-/node-18.7.23.tgz#75c580983846181ebe5f4abc40fe9dfb2d65665f"
    integrity sha512-DWNcCHolDq0ZKGizjx2DZjR/PqsYwAcYUJmfMWqtVU2MBMG5Mo+xFZrhGId5r/O5HOuMPyQEcM6KUBp5lBZZBg==
  
  "@types/sat@^0.0.31":
    version "0.0.31"
    resolved "https://registry.yarnpkg.com/@types/sat/-/sat-0.0.31.tgz#6f0bb95f333649fb8d77ae8909e5ed104fe477bb"
    integrity sha512-P4SVw79XheP1p92useDVpLYYOUQ6lpw2L7IdQz4dD23DZ8DiC1STgPOh72hjR5IZJBPQbzlICAbmjCKbwyYuxg==
  
  "@types/uuid@^8.3.4":
    version "8.3.4"
    resolved "https://registry.yarnpkg.com/@types/uuid/-/uuid-8.3.4.tgz#bd86a43617df0594787d38b735f55c805becf1bc"
    integrity sha512-c/I8ZRb51j+pYGAu5CrFMRxqZ2ke4y2grEBO5AUjgSkSk+qT2Ea+OdWElz/OiMf5MNpn2b17kuVBwZLQJXzihw==
  
  collider2d@^1.1.1:
    version "1.1.1"
    resolved "https://registry.npmjs.org/collider2d/-/collider2d-1.1.1.tgz"
    integrity sha512-dm9TjFSWivV2vzP+TIRHODr/NZOG5BpSt3zYNYWqz+GWQ0+tYuMr4psns/ID84Sm7ng2OgGT2tEIXYQ5BHIJXw==
  
  esbuild-android-64@0.15.9:
    version "0.15.9"
    resolved "https://registry.yarnpkg.com/esbuild-android-64/-/esbuild-android-64-0.15.9.tgz#4a7eb320ca8d3a305f14792061fd9614ccebb7c0"
    integrity sha512-HQCX7FJn9T4kxZQkhPjNZC7tBWZqJvhlLHPU2SFzrQB/7nDXjmTIFpFTjt7Bd1uFpeXmuwf5h5fZm+x/hLnhbw==
  
  esbuild-android-arm64@0.15.9:
    version "0.15.9"
    resolved "https://registry.yarnpkg.com/esbuild-android-arm64/-/esbuild-android-arm64-0.15.9.tgz#c948e5686df20857ad361ec67e070d40d7cab985"
    integrity sha512-E6zbLfqbFVCNEKircSHnPiSTsm3fCRxeIMPfrkS33tFjIAoXtwegQfVZqMGR0FlsvVxp2NEDOUz+WW48COCjSg==
  
  esbuild-darwin-64@0.15.9:
    version "0.15.9"
    resolved "https://registry.yarnpkg.com/esbuild-darwin-64/-/esbuild-darwin-64-0.15.9.tgz#25f564fa4b39c1cec84dc46bce5634fdbce1d5e4"
    integrity sha512-gI7dClcDN/HHVacZhTmGjl0/TWZcGuKJ0I7/xDGJwRQQn7aafZGtvagOFNmuOq+OBFPhlPv1T6JElOXb0unkSQ==
  
  esbuild-darwin-arm64@0.15.9:
    version "0.15.9"
    resolved "https://registry.yarnpkg.com/esbuild-darwin-arm64/-/esbuild-darwin-arm64-0.15.9.tgz#60faea3ed95d15239536aa88d06bb82b29278a86"
    integrity sha512-VZIMlcRN29yg/sv7DsDwN+OeufCcoTNaTl3Vnav7dL/nvsApD7uvhVRbgyMzv0zU/PP0xRhhIpTyc7lxEzHGSw==
  
  esbuild-freebsd-64@0.15.9:
    version "0.15.9"
    resolved "https://registry.yarnpkg.com/esbuild-freebsd-64/-/esbuild-freebsd-64-0.15.9.tgz#0339ef1c90a919175e7816788224517896657a0e"
    integrity sha512-uM4z5bTvuAXqPxrI204txhlsPIolQPWRMLenvGuCPZTnnGlCMF2QLs0Plcm26gcskhxewYo9LkkmYSS5Czrb5A==
  
  esbuild-freebsd-arm64@0.15.9:
    version "0.15.9"
    resolved "https://registry.yarnpkg.com/esbuild-freebsd-arm64/-/esbuild-freebsd-arm64-0.15.9.tgz#32abfc0be3ae3dd38e5a86a9beadbbcf592f1b57"
    integrity sha512-HHDjT3O5gWzicGdgJ5yokZVN9K9KG05SnERwl9nBYZaCjcCgj/sX8Ps1jvoFSfNCO04JSsHSOWo4qvxFuj8FoA==
  
  esbuild-linux-32@0.15.9:
    version "0.15.9"
    resolved "https://registry.yarnpkg.com/esbuild-linux-32/-/esbuild-linux-32-0.15.9.tgz#93581348a4da7ed2b29bc5539f2605ad7fcee77b"
    integrity sha512-AQIdE8FugGt1DkcekKi5ycI46QZpGJ/wqcMr7w6YUmOmp2ohQ8eO4sKUsOxNOvYL7hGEVwkndSyszR6HpVHLFg==
  
  esbuild-linux-64@0.15.9:
    version "0.15.9"
    resolved "https://registry.npmjs.org/esbuild-linux-64/-/esbuild-linux-64-0.15.9.tgz"
    integrity sha512-4RXjae7g6Qs7StZyiYyXTZXBlfODhb1aBVAjd+ANuPmMhWthQilWo7rFHwJwL7DQu1Fjej2sODAVwLbcIVsAYQ==
  
  esbuild-linux-arm64@0.15.9:
    version "0.15.9"
    resolved "https://registry.yarnpkg.com/esbuild-linux-arm64/-/esbuild-linux-arm64-0.15.9.tgz#9838795a3720cbe736d3bc20621bd366eac22f24"
    integrity sha512-a+bTtxJmYmk9d+s2W4/R1SYKDDAldOKmWjWP0BnrWtDbvUBNOm++du0ysPju4mZVoEFgS1yLNW+VXnG/4FNwdQ==
  
  esbuild-linux-arm@0.15.9:
    version "0.15.9"
    resolved "https://registry.yarnpkg.com/esbuild-linux-arm/-/esbuild-linux-arm-0.15.9.tgz#dce96cd817bc7376f6af3967649c4ab1f2f79506"
    integrity sha512-3Zf2GVGUOI7XwChH3qrnTOSqfV1V4CAc/7zLVm4lO6JT6wbJrTgEYCCiNSzziSju+J9Jhf9YGWk/26quWPC6yQ==
  
  esbuild-linux-mips64le@0.15.9:
    version "0.15.9"
    resolved "https://registry.yarnpkg.com/esbuild-linux-mips64le/-/esbuild-linux-mips64le-0.15.9.tgz#0335a0739e61aa97cb9b4a018e3facfcca9cdcfd"
    integrity sha512-Zn9HSylDp89y+TRREMDoGrc3Z4Hs5u56ozZLQCiZAUx2+HdbbXbWdjmw3FdTJ/i7t5Cew6/Q+6kfO3KCcFGlyw==
  
  esbuild-linux-ppc64le@0.15.9:
    version "0.15.9"
    resolved "https://registry.yarnpkg.com/esbuild-linux-ppc64le/-/esbuild-linux-ppc64le-0.15.9.tgz#18482afb95b8a705e2da0a59d7131bff221281f9"
    integrity sha512-OEiOxNAMH9ENFYqRsWUj3CWyN3V8P3ZXyfNAtX5rlCEC/ERXrCEFCJji/1F6POzsXAzxvUJrTSTCy7G6BhA6Fw==
  
  esbuild-linux-riscv64@0.15.9:
    version "0.15.9"
    resolved "https://registry.yarnpkg.com/esbuild-linux-riscv64/-/esbuild-linux-riscv64-0.15.9.tgz#03b6f9708272c117006b9ce1c9ae8aab91b5a5b6"
    integrity sha512-ukm4KsC3QRausEFjzTsOZ/qqazw0YvJsKmfoZZm9QW27OHjk2XKSQGGvx8gIEswft/Sadp03/VZvAaqv5AIwNA==
  
  esbuild-linux-s390x@0.15.9:
    version "0.15.9"
    resolved "https://registry.yarnpkg.com/esbuild-linux-s390x/-/esbuild-linux-s390x-0.15.9.tgz#65fb645623d575780f155f0ee52935e62f9cca4f"
    integrity sha512-uDOQEH55wQ6ahcIKzQr3VyjGc6Po/xblLGLoUk3fVL1qjlZAibtQr6XRfy5wPJLu/M2o0vQKLq4lyJ2r1tWKcw==
  
  esbuild-netbsd-64@0.15.9:
    version "0.15.9"
    resolved "https://registry.yarnpkg.com/esbuild-netbsd-64/-/esbuild-netbsd-64-0.15.9.tgz#7894297bb9e11f3d2f6f31efecd1be4e181f0d54"
    integrity sha512-yWgxaYTQz+TqX80wXRq6xAtb7GSBAp6gqLKfOdANg9qEmAI1Bxn04IrQr0Mzm4AhxvGKoHzjHjMgXbCCSSDxcw==
  
  esbuild-openbsd-64@0.15.9:
    version "0.15.9"
    resolved "https://registry.yarnpkg.com/esbuild-openbsd-64/-/esbuild-openbsd-64-0.15.9.tgz#0f9d4c6b6772ae50d491d68ad4cc028300dda7c0"
    integrity sha512-JmS18acQl4iSAjrEha1MfEmUMN4FcnnrtTaJ7Qg0tDCOcgpPPQRLGsZqhes0vmx8VA6IqRyScqXvaL7+Q0Uf3A==
  
  esbuild-sunos-64@0.15.9:
    version "0.15.9"
    resolved "https://registry.yarnpkg.com/esbuild-sunos-64/-/esbuild-sunos-64-0.15.9.tgz#c32b7ce574b08f814de810ce7c1e34b843768126"
    integrity sha512-UKynGSWpzkPmXW3D2UMOD9BZPIuRaSqphxSCwScfEE05Be3KAmvjsBhht1fLzKpiFVJb0BYMd4jEbWMyJ/z1hQ==
  
  esbuild-windows-32@0.15.9:
    version "0.15.9"
    resolved "https://registry.yarnpkg.com/esbuild-windows-32/-/esbuild-windows-32-0.15.9.tgz#37a8f7cfccdb2177cd46613a1a1e1fcb419d36df"
    integrity sha512-aqXvu4/W9XyTVqO/hw3rNxKE1TcZiEYHPsXM9LwYmKSX9/hjvfIJzXwQBlPcJ/QOxedfoMVH0YnhhQ9Ffb0RGA==
  
  esbuild-windows-64@0.15.9:
    version "0.15.9"
    resolved "https://registry.yarnpkg.com/esbuild-windows-64/-/esbuild-windows-64-0.15.9.tgz#5fe1e76fc13dd7f520febecaea110b6f1649c7b2"
    integrity sha512-zm7h91WUmlS4idMtjvCrEeNhlH7+TNOmqw5dJPJZrgFaxoFyqYG6CKDpdFCQXdyKpD5yvzaQBOMVTCBVKGZDEg==
  
  esbuild-windows-arm64@0.15.9:
    version "0.15.9"
    resolved "https://registry.yarnpkg.com/esbuild-windows-arm64/-/esbuild-windows-arm64-0.15.9.tgz#98504428f7ba7d2cfc11940be68ee1139173fdce"
    integrity sha512-yQEVIv27oauAtvtuhJVfSNMztJJX47ismRS6Sv2QMVV9RM+6xjbMWuuwM2nxr5A2/gj/mu2z9YlQxiwoFRCfZA==
  
  esbuild@^0.15.9:
    version "0.15.9"
    resolved "https://registry.npmjs.org/esbuild/-/esbuild-0.15.9.tgz"
    integrity sha512-OnYr1rkMVxtmMHIAKZLMcEUlJmqcbxBz9QoBU8G9v455na0fuzlT/GLu6l+SRghrk0Mm2fSSciMmzV43Q8e0Gg==
    optionalDependencies:
      "@esbuild/android-arm" "0.15.9"
      "@esbuild/linux-loong64" "0.15.9"
      esbuild-android-64 "0.15.9"
      esbuild-android-arm64 "0.15.9"
      esbuild-darwin-64 "0.15.9"
      esbuild-darwin-arm64 "0.15.9"
      esbuild-freebsd-64 "0.15.9"
      esbuild-freebsd-arm64 "0.15.9"
      esbuild-linux-32 "0.15.9"
      esbuild-linux-64 "0.15.9"
      esbuild-linux-arm "0.15.9"
      esbuild-linux-arm64 "0.15.9"
      esbuild-linux-mips64le "0.15.9"
      esbuild-linux-ppc64le "0.15.9"
      esbuild-linux-riscv64 "0.15.9"
      esbuild-linux-s390x "0.15.9"
      esbuild-netbsd-64 "0.15.9"
      esbuild-openbsd-64 "0.15.9"
      esbuild-sunos-64 "0.15.9"
      esbuild-windows-32 "0.15.9"
      esbuild-windows-64 "0.15.9"
      esbuild-windows-arm64 "0.15.9"
  
  libtess@^1.2.2:
    version "1.2.2"
    resolved "https://registry.yarnpkg.com/libtess/-/libtess-1.2.2.tgz#173eb52a1a57a0238fe48f05d12245074497f898"
    integrity sha512-Nps8HPeVVcsmJxUvFLKVJcCgcz+1ajPTXDVAVPs6+giOQP4AHV31uZFFkh+CKow/bkB7GbZWKmwmit7myaqDSw==
  
  polygon-tools@^0.4.8:
    version "0.4.8"
    resolved "https://registry.yarnpkg.com/polygon-tools/-/polygon-tools-0.4.8.tgz#07ea8f2c6dd09ebe707b9746dd7b7d9adb78b24a"
    integrity sha512-eqrIDFkUfBaz7E3DGDp6z/D3D+n5pMBORuFeHmfJJ3sW0Ivvhi+gDCTYwy+1ANtEXNw3Fko0k1Ozjiv0MsSpAg==
    dependencies:
      libtess "^1.2.2"
  
  sat@^0.9.0:
    version "0.9.0"
    resolved "https://registry.yarnpkg.com/sat/-/sat-0.9.0.tgz#02091260513c8f2482da7db9377ddfeca80f5982"
    integrity sha512-mxdv5RZJO4tdMnUURGU3gAMcnDUEwcNJwE+lPO0/V+rBeDvFLH3wEZEOR0fH7cTN0zQaNxBEbHnyQL9DzupwQQ==
  
  typescript@^4.8.3:
    version "4.8.3"
    resolved "https://registry.npmjs.org/typescript/-/typescript-4.8.3.tgz"
    integrity sha512-goMHfm00nWPa8UvR/CPSvykqf6dVV8x/dp0c5mFTMTIu0u0FlGWRioyy7Nn0PGAdHxpJZnuO/ut+PpQ8UiHAig==
  
  uuid@^9.0.0:
    version "9.0.0"
    resolved "https://registry.npmjs.org/uuid/-/uuid-9.0.0.tgz"
    integrity sha512-MXcSTerfPa4uqyzStbRoTgt5XIe3x5+42+q1sDuy3R5MDk66URdLMOZe5aPX/SQd+kuYAh0FdP/pO28IkQyTeg==
